<?xml version="1.0" encoding="UTF-8"?>
<!-- Generated by org.testng.reporters.JUnitReportReporter -->
<testsuite hostname="DESKTOP-6AESQ0O" failures="0" tests="1" name="com.Actitime.TestScripts.CreateCustomer" time="11.974" errors="0" timestamp="2023-09-29T09:03:57 IST" skipped="0">
  <testcase classname="com.Actitime.TestScripts.CreateCustomer" name="createcustomer" time="11.974"/>
  <system-out>
    <![CDATA[Database Connected
Browser Launched Successfully
Logged In Successfully
Logged Out Successfully
Browser Closed Successfully
Database Disconnected Successfully]]>
  </system-out>
</testsuite> <!-- com.Actitime.TestScripts.CreateCustomer -->
